<?xml version="1.0" encoding="UTF-8"?>
<!-- Generated by org.testng.reporters.JUnitReportReporter -->
<testsuite skipped="0" hostname="DELL" name="Utility.Demo_Window_Handler" tests="1" failures="0" timestamp="16 May 2017 17:36:15 GMT" time="1.195" errors="0">
  <testcase name="TestAllWindow" time="1.195" classname="Utility.Demo_Window_Handler"/>
</testsuite> <!-- Utility.Demo_Window_Handler -->
