<?xml version="1.0" encoding="UTF-8"?>
<!-- Generated by org.testng.reporters.JUnitReportReporter -->
<testsuite skipped="3" hostname="DELL" name="com.Info.MainTest.TestRunner" tests="8" failures="0" timestamp="27 May 2017 07:39:37 GMT" time="496.670" errors="0">
  <testcase name="LaunchApplichation" time="108.880" classname="com.Info.MainTest.TestRunner"/>
  <testcase name="To_Verify_EMI_CalculatorPage" time="231.472" classname="com.Info.MainTest.TestRunner"/>
  <testcase name="toValidate_EnquiryForm" time="84.642" classname="com.Info.MainTest.TestRunner"/>
  <testcase name="toValidateHomeLoagPage" time="2.952" classname="com.Info.MainTest.TestRunner">
    <skipped/>
  </testcase> <!-- toValidateHomeLoagPage -->
  <testcase name="To_handle_Agent_Search" time="3.046" classname="com.Info.MainTest.TestRunner">
    <skipped/>
  </testcase> <!-- To_handle_Agent_Search -->
  <testcase name="toValidate_post_Requirment_Page" time="1.582" classname="com.Info.MainTest.TestRunner"/>
  <testcase name="To_handle_Agent_Search" time="3.161" classname="com.Info.MainTest.TestRunner">
    <skipped/>
  </testcase> <!-- To_handle_Agent_Search -->
  <testcase name="toValidate_postpropertydetails" time="60.935" classname="com.Info.MainTest.TestRunner"/>
</testsuite> <!-- com.Info.MainTest.TestRunner -->
