<?xml version="1.0" encoding="UTF-8"?>
<!-- Generated by org.testng.reporters.JUnitReportReporter -->
<testsuite hostname="DELL" name="com.automation.maven.MavenDemo" tests="1" failures="0" timestamp="18 May 2017 17:30:28 GMT" time="0.007" errors="0">
  <testcase name="show" time="0.007" classname="com.automation.maven.MavenDemo"/>
</testsuite>
